<?xml version="1.0" encoding="UTF-8"?>
<!-- Generated by org.testng.reporters.JUnitXMLReporter -->
<testsuite ignored="0" hostname="VNNOT01519" failures="0" tests="4" name="Demo Parallel Testing By Methods" time="20.742" errors="0" timestamp="2025-06-19T10:16:05 GMT+07:00">
  <testcase classname="com.anhtester.Bai25_ParallelExecution.ParallelTest" name="ChromeTest" time="18.451"/>
  <testcase classname="com.anhtester.Bai25_ParallelExecution.ParallelTest" name="ChromeTest2" time="18.985"/>
  <testcase classname="com.anhtester.Bai25_ParallelExecution.ParallelTest" name="EdgeTest" time="20.333"/>
  <testcase classname="com.anhtester.Bai25_ParallelExecution.ParallelTest" name="FirefoxTest" time="20.681"/>
</testsuite> <!-- Demo Parallel Testing By Methods -->
