<?xml version="1.0" encoding="UTF-8"?>
<!-- Generated by org.testng.reporters.JUnitXMLReporter -->
<testsuite ignored="7" hostname="VNNOT01519" failures="1" tests="1" name="Login Test success has ExtentReport" time="6.34" errors="0" timestamp="2025-06-24T16:10:52 GMT+07:00">
  <testcase classname="com.anhtester.Bai33_ExtentReport_testcases.LoginTest" name="loginSuccess" time="3.711">
    <failure type="java.lang.AssertionError" message="FAIL Because Still in the Login page: expected [false] but found [true]">
      <![CDATA[java.lang.AssertionError: FAIL Because Still in the Login page: expected [false] but found [true]
at com.anhtester.keywords.WebUI.assertNotContains(WebUI.java:447)
at com.anhtester.Bai33_ExtentReport_pages.LoginPage.verifyLoginSuccess(LoginPage.java:40)
at com.anhtester.Bai33_ExtentReport_testcases.LoginTest.loginSuccess(LoginTest.java:25)
at java.base/java.util.concurrent.ThreadPoolExecutor.runWorker(ThreadPoolExecutor.java:1144)
at java.base/java.util.concurrent.ThreadPoolExecutor$Worker.run(ThreadPoolExecutor.java:642)
at java.base/java.lang.Thread.run(Thread.java:1575)
... Removed 10 stack frames]]>
    </failure>
  </testcase> <!-- loginSuccess -->
  <testcase classname="com.anhtester.Bai33_ExtentReport_testcases.LoginTest" name="loginFailWithEmailNullAndPasswordNull" time="0.0">
    <ignored/>
  </testcase> <!-- loginFailWithEmailNullAndPasswordNull -->
  <testcase classname="com.anhtester.Bai33_ExtentReport_testcases.LoginTest" name="loginFailWithEmailInvalid" time="0.0">
    <ignored/>
  </testcase> <!-- loginFailWithEmailInvalid -->
  <testcase classname="com.anhtester.Bai33_ExtentReport_testcases.LoginTest" name="loginSuccessFromDataProviderHashTable" time="0.0">
    <ignored/>
  </testcase> <!-- loginSuccessFromDataProviderHashTable -->
  <testcase classname="com.anhtester.Bai33_ExtentReport_testcases.LoginTest" name="loginFailWithPasswordInvalid" time="0.0">
    <ignored/>
  </testcase> <!-- loginFailWithPasswordInvalid -->
  <testcase classname="com.anhtester.Bai33_ExtentReport_testcases.LoginTest" name="loginFailWithEmailNull" time="0.0">
    <ignored/>
  </testcase> <!-- loginFailWithEmailNull -->
  <testcase classname="com.anhtester.Bai33_ExtentReport_testcases.LoginTest" name="loginSuccessFromDataProvider" time="0.0">
    <ignored/>
  </testcase> <!-- loginSuccessFromDataProvider -->
  <testcase classname="com.anhtester.Bai33_ExtentReport_testcases.LoginTest" name="loginFailWithPasswordNull" time="0.0">
    <ignored/>
  </testcase> <!-- loginFailWithPasswordNull -->
</testsuite> <!-- Login Test success has ExtentReport -->
