<?xml version="1.0" encoding="UTF-8"?>
<!-- Generated by org.testng.reporters.JUnitXMLReporter -->
<testsuite ignored="1" hostname="VNNOT01519" failures="0" tests="1" name="Add new Customer" time="12.791" errors="0" timestamp="2025-06-20T17:41:24 GMT+07:00">
  <testcase classname="com.anhtester.Bai28_Excel_File_Data_testcases.CustomerTest" name="testAddNewCustomer" time="9.803"/>
  <testcase classname="com.anhtester.Bai28_Excel_File_Data_testcases.CustomerTest" name="testAddNewCustomer_SearchInTable" time="0.0">
    <ignored/>
  </testcase> <!-- testAddNewCustomer_SearchInTable -->
</testsuite> <!-- Add new Customer -->
