<?xml version="1.0" encoding="UTF-8"?>
<!-- Generated by org.testng.reporters.JUnitXMLReporter -->
<testsuite ignored="0" hostname="VNNOT01519" failures="0" tests="6" name="Login Test with Chrome browser" time="18.876" errors="0" timestamp="2025-06-19T15:20:57 GMT+07:00">
  <testcase classname="com.anhtester.Bai26_ParallelExecutionPOM_testcases.LoginTest" name="loginFailWithEmailNull" time="4.754"/>
  <testcase classname="com.anhtester.Bai26_ParallelExecutionPOM_testcases.LoginTest" name="loginFailWithPasswordNull" time="4.395"/>
  <testcase classname="com.anhtester.Bai26_ParallelExecutionPOM_testcases.LoginTest" name="loginFailWithEmailNullAndPasswordNull" time="5.219"/>
  <testcase classname="com.anhtester.Bai26_ParallelExecutionPOM_testcases.LoginTest" name="loginFailWithPasswordInvalid" time="5.776"/>
  <testcase classname="com.anhtester.Bai26_ParallelExecutionPOM_testcases.LoginTest" name="loginFailWithEmailInvalid" time="4.485"/>
  <testcase classname="com.anhtester.Bai26_ParallelExecutionPOM_testcases.LoginTest" name="loginSuccess" time="2.889"/>
</testsuite> <!-- Login Test with Chrome browser -->
