<?xml version="1.0" encoding="UTF-8"?>
<!-- Generated by org.testng.reporters.JUnitXMLReporter -->
<testsuite ignored="5" hostname="VNNOT01519" failures="0" tests="1" name="Login with Firefox browser" time="9.119" errors="0" timestamp="2025-06-18T12:07:54 GMT+07:00">
  <testcase classname="com.anhtester.Bai22_23_HamChung_WebUI_testcases.LoginTest" name="loginSuccess" time="3.184"/>
  <testcase classname="com.anhtester.Bai22_23_HamChung_WebUI_testcases.LoginTest" name="loginFailWithPasswordInvalid" time="0.0">
    <ignored/>
  </testcase> <!-- loginFailWithPasswordInvalid -->
  <testcase classname="com.anhtester.Bai22_23_HamChung_WebUI_testcases.LoginTest" name="loginFailWithPasswordNull" time="0.0">
    <ignored/>
  </testcase> <!-- loginFailWithPasswordNull -->
  <testcase classname="com.anhtester.Bai22_23_HamChung_WebUI_testcases.LoginTest" name="loginFailWithEmailNull" time="0.0">
    <ignored/>
  </testcase> <!-- loginFailWithEmailNull -->
  <testcase classname="com.anhtester.Bai22_23_HamChung_WebUI_testcases.LoginTest" name="loginFailWithEmailNullAndPasswordNull" time="0.0">
    <ignored/>
  </testcase> <!-- loginFailWithEmailNullAndPasswordNull -->
  <testcase classname="com.anhtester.Bai22_23_HamChung_WebUI_testcases.LoginTest" name="loginFailWithEmailInvalid" time="0.0">
    <ignored/>
  </testcase> <!-- loginFailWithEmailInvalid -->
</testsuite> <!-- Login with Firefox browser -->
