<?xml version="1.0" encoding="UTF-8"?>
<testng-results ignored="2" total="5" passed="3" failed="0" skipped="0">
  <reporter-output>
  </reporter-output>
  <suite started-at="2025-07-02T21:11:47 ICT" name="Suite Customer Test" finished-at="2025-07-02T21:13:09 ICT" duration-ms="82016">
    <groups>
    </groups>
    <test started-at="2025-07-02T21:11:47 ICT" name="Customer Test with Chrome browser" finished-at="2025-07-02T21:13:09 ICT" duration-ms="82016">
      <class name="testcases.TaskTest">
        <test-method is-config="true" signature="createDriver(java.lang.String,java.lang.reflect.Method)[pri:0, instance:testcases.TaskTest@7a2b1eb4]" started-at="2025-07-02T21:12:50 ICT" name="createDriver" finished-at="2025-07-02T21:12:51 ICT" duration-ms="1272" status="PASS">
          <params>
            <param index="0">
              <value>
                <![CDATA[chrome]]>
              </value>
            </param>
            <param index="1">
              <value>
                <![CDATA[public void testcases.TaskTest.verifyTask() throws java.lang.InterruptedException,java.awt.AWTException]]>
              </value>
            </param>
          </params>
          <reporter-output>
          </reporter-output>
        </test-method> <!-- createDriver -->
        <test-method signature="verifyTask()[pri:0, instance:testcases.TaskTest@7a2b1eb4]" started-at="2025-07-02T21:12:51 ICT" name="verifyTask" description="Verify can create &amp; delete Task" finished-at="2025-07-02T21:13:08 ICT" duration-ms="17692" status="PASS">
          <reporter-output>
          </reporter-output>
        </test-method> <!-- verifyTask -->
        <test-method is-config="true" signature="closeDriver()[pri:0, instance:testcases.TaskTest@7a2b1eb4]" started-at="2025-07-02T21:13:09 ICT" name="closeDriver" finished-at="2025-07-02T21:13:09 ICT" duration-ms="214" status="PASS">
          <reporter-output>
          </reporter-output>
        </test-method> <!-- closeDriver -->
      </class> <!-- testcases.TaskTest -->
      <class name="testcases.CustomerTest">
        <test-method is-config="true" signature="setupEnvironment()[pri:0, instance:testcases.CustomerTest@54bca971]" started-at="2025-07-02T21:11:47 ICT" name="setupEnvironment" finished-at="2025-07-02T21:11:47 ICT" duration-ms="30" status="PASS">
          <reporter-output>
          </reporter-output>
        </test-method> <!-- setupEnvironment -->
        <test-method is-config="true" signature="createDriver(java.lang.String,java.lang.reflect.Method)[pri:0, instance:testcases.CustomerTest@54bca971]" started-at="2025-07-02T21:11:48 ICT" name="createDriver" finished-at="2025-07-02T21:11:50 ICT" duration-ms="2318" status="PASS">
          <params>
            <param index="0">
              <value>
                <![CDATA[chrome]]>
              </value>
            </param>
            <param index="1">
              <value>
                <![CDATA[public void testcases.CustomerTest.verifyCreateUpdateDeleteCustomerSuccess()]]>
              </value>
            </param>
          </params>
          <reporter-output>
          </reporter-output>
        </test-method> <!-- createDriver -->
        <test-method signature="verifyCreateUpdateDeleteCustomerSuccess()[pri:0, instance:testcases.CustomerTest@54bca971]" started-at="2025-07-02T21:11:50 ICT" name="verifyCreateUpdateDeleteCustomerSuccess" description="Verify can create &amp; update &amp; delete Customer success" finished-at="2025-07-02T21:12:18 ICT" duration-ms="27946" status="PASS">
          <reporter-output>
          </reporter-output>
        </test-method> <!-- verifyCreateUpdateDeleteCustomerSuccess -->
        <test-method is-config="true" signature="closeDriver()[pri:0, instance:testcases.CustomerTest@54bca971]" started-at="2025-07-02T21:12:18 ICT" name="closeDriver" finished-at="2025-07-02T21:12:18 ICT" duration-ms="272" status="PASS">
          <reporter-output>
          </reporter-output>
        </test-method> <!-- closeDriver -->
      </class> <!-- testcases.CustomerTest -->
      <class name="testcases.ProjectTest">
        <test-method is-config="true" signature="createDriver(java.lang.String,java.lang.reflect.Method)[pri:0, instance:testcases.ProjectTest@5c60b0a0]" started-at="2025-07-02T21:12:18 ICT" name="createDriver" finished-at="2025-07-02T21:12:20 ICT" duration-ms="1311" status="PASS">
          <params>
            <param index="0">
              <value>
                <![CDATA[chrome]]>
              </value>
            </param>
            <param index="1">
              <value>
                <![CDATA[public void testcases.ProjectTest.verifyProjectOfCustomer()]]>
              </value>
            </param>
          </params>
          <reporter-output>
          </reporter-output>
        </test-method> <!-- createDriver -->
        <test-method signature="verifyProjectOfCustomer()[pri:0, instance:testcases.ProjectTest@5c60b0a0]" started-at="2025-07-02T21:12:20 ICT" name="verifyProjectOfCustomer" description="Verify Project of Customer before and after delete" finished-at="2025-07-02T21:12:49 ICT" duration-ms="29432" status="PASS">
          <reporter-output>
          </reporter-output>
        </test-method> <!-- verifyProjectOfCustomer -->
        <test-method is-config="true" signature="closeDriver()[pri:0, instance:testcases.ProjectTest@5c60b0a0]" started-at="2025-07-02T21:12:49 ICT" name="closeDriver" finished-at="2025-07-02T21:12:50 ICT" duration-ms="243" status="PASS">
          <reporter-output>
          </reporter-output>
        </test-method> <!-- closeDriver -->
      </class> <!-- testcases.ProjectTest -->
    </test> <!-- Customer Test with Chrome browser -->
  </suite> <!-- Suite Customer Test -->
</testng-results>
