<?xml version="1.0" encoding="UTF-8"?>
<!-- Generated by org.testng.reporters.JUnitXMLReporter -->
<testsuite ignored="0" hostname="VNNOT01519" failures="0" tests="8" name="Demo Parallel Testing By Classes 02" time="58.171" errors="0" timestamp="2025-06-19T11:30:40 GMT+07:00">
  <testcase classname="com.anhtester.Bai25_ParallelExecution.ChromeTest" name="ChromeTestMethod02" time="22.328"/>
  <testcase classname="com.anhtester.Bai25_ParallelExecution.ChromeTest" name="ChromeTestMethod01" time="22.336"/>
  <testcase classname="com.anhtester.Bai25_ParallelExecution.ChromeTest" name="ChromeTestMethod03" time="22.797"/>
  <testcase classname="com.anhtester.Bai25_ParallelExecution.ChromeTest" name="ChromeTestMethod04" time="21.017"/>
  <testcase classname="com.anhtester.Bai25_ParallelExecution.EdgeTest" name="EdgeTestMethod02" time="21.429"/>
  <testcase classname="com.anhtester.Bai25_ParallelExecution.EdgeTest" name="EdgeTestMethod01" time="22.094"/>
  <testcase classname="com.anhtester.Bai25_ParallelExecution.EdgeTest" name="EdgeTestMethod03" time="14.588"/>
  <testcase classname="com.anhtester.Bai25_ParallelExecution.EdgeTest" name="EdgeTestMethod04" time="13.848"/>
</testsuite> <!-- Demo Parallel Testing By Classes 02 -->
