<?xml version="1.0" encoding="UTF-8"?>
<!-- Generated by org.testng.reporters.JUnitXMLReporter -->
<testsuite ignored="0" hostname="VNNOT01519" failures="0" tests="8" name="Demo Parallel Testing By Classes" time="31.251" errors="0" timestamp="2025-06-19T10:51:29 GMT+07:00">
  <testcase classname="com.anhtester.Bai25_ParallelExecution.ChromeTest" name="ChromeTestMethod04" time="18.793"/>
  <testcase classname="com.anhtester.Bai25_ParallelExecution.ChromeTest" name="ChromeTestMethod01" time="19.077"/>
  <testcase classname="com.anhtester.Bai25_ParallelExecution.ChromeTest" name="ChromeTestMethod02" time="19.249"/>
  <testcase classname="com.anhtester.Bai25_ParallelExecution.ChromeTest" name="ChromeTestMethod03" time="19.344"/>
  <testcase classname="com.anhtester.Bai25_ParallelExecution.EdgeTest" name="EdgeTestMethod01" time="20.824"/>
  <testcase classname="com.anhtester.Bai25_ParallelExecution.EdgeTest" name="EdgeTestMethod04" time="11.707"/>
  <testcase classname="com.anhtester.Bai25_ParallelExecution.EdgeTest" name="EdgeTestMethod02" time="12.223"/>
  <testcase classname="com.anhtester.Bai25_ParallelExecution.EdgeTest" name="EdgeTestMethod03" time="12.117"/>
</testsuite> <!-- Demo Parallel Testing By Classes -->
