<?xml version="1.0" encoding="UTF-8"?>
<!-- Generated by org.testng.reporters.JUnitXMLReporter -->
<testsuite ignored="0" hostname="VNNOT01519" failures="0" tests="8" name="Demo Parallel Testing By Classes 01" time="58.332" errors="0" timestamp="2025-06-19T11:30:40 GMT+07:00">
  <testcase classname="com.anhtester.Bai25_ParallelExecution.ChromeTest" name="ChromeTestMethod01" time="22.322"/>
  <testcase classname="com.anhtester.Bai25_ParallelExecution.ChromeTest" name="ChromeTestMethod02" time="22.47"/>
  <testcase classname="com.anhtester.Bai25_ParallelExecution.ChromeTest" name="ChromeTestMethod03" time="23.175"/>
  <testcase classname="com.anhtester.Bai25_ParallelExecution.ChromeTest" name="ChromeTestMethod04" time="21.211"/>
  <testcase classname="com.anhtester.Bai25_ParallelExecution.EdgeTest" name="EdgeTestMethod02" time="21.094"/>
  <testcase classname="com.anhtester.Bai25_ParallelExecution.EdgeTest" name="EdgeTestMethod01" time="22.653"/>
  <testcase classname="com.anhtester.Bai25_ParallelExecution.EdgeTest" name="EdgeTestMethod03" time="14.248"/>
  <testcase classname="com.anhtester.Bai25_ParallelExecution.EdgeTest" name="EdgeTestMethod04" time="13.968"/>
</testsuite> <!-- Demo Parallel Testing By Classes 01 -->
