<?xml version="1.0" encoding="UTF-8"?>
<testng-results ignored="0" total="1" passed="1" failed="0" skipped="0">
  <reporter-output>
  </reporter-output>
  <suite started-at="2025-07-03T16:04:23 ICT" name="Default suite" finished-at="2025-07-03T16:04:43 ICT" duration-ms="19769">
    <groups>
    </groups>
    <test started-at="2025-07-03T16:04:23 ICT" name="Default test" finished-at="2025-07-03T16:04:43 ICT" duration-ms="19769">
      <class name="testcases.TaskTest">
        <test-method is-config="true" signature="setupEnvironment()[pri:0, instance:testcases.TaskTest@3d37203b]" started-at="2025-07-03T16:04:23 ICT" name="setupEnvironment" finished-at="2025-07-03T16:04:23 ICT" duration-ms="31" status="PASS">
          <reporter-output>
          </reporter-output>
        </test-method> <!-- setupEnvironment -->
        <test-method is-config="true" signature="createDriver(java.lang.String,java.lang.reflect.Method)[pri:0, instance:testcases.TaskTest@3d37203b]" started-at="2025-07-03T16:04:24 ICT" name="createDriver" finished-at="2025-07-03T16:04:25 ICT" duration-ms="1536" status="PASS">
          <params>
            <param index="0">
              <value>
                <![CDATA[chrome]]>
              </value>
            </param>
            <param index="1">
              <value>
                <![CDATA[public void testcases.TaskTest.verifyTask() throws java.lang.InterruptedException,java.awt.AWTException]]>
              </value>
            </param>
          </params>
          <reporter-output>
          </reporter-output>
        </test-method> <!-- createDriver -->
        <test-method signature="verifyTask()[pri:0, instance:testcases.TaskTest@3d37203b]" started-at="2025-07-03T16:04:25 ICT" name="verifyTask" description="Verify can create &amp; delete Task" finished-at="2025-07-03T16:04:42 ICT" duration-ms="16992" status="PASS">
          <reporter-output>
          </reporter-output>
        </test-method> <!-- verifyTask -->
        <test-method is-config="true" signature="closeDriver()[pri:0, instance:testcases.TaskTest@3d37203b]" started-at="2025-07-03T16:04:43 ICT" name="closeDriver" finished-at="2025-07-03T16:04:43 ICT" duration-ms="195" status="PASS">
          <reporter-output>
          </reporter-output>
        </test-method> <!-- closeDriver -->
      </class> <!-- testcases.TaskTest -->
    </test> <!-- Default test -->
  </suite> <!-- Default suite -->
</testng-results>
