<?xml version="1.0" encoding="UTF-8"?>
<!-- Generated by org.testng.reporters.JUnitXMLReporter -->
<testsuite ignored="2" hostname="VNNOT01519" failures="0" tests="3" name="Customer Test with Chrome browser" time="82.016" errors="0" timestamp="2025-07-02T21:13:09 ICT">
  <testcase classname="testcases.CustomerTest" name="verifyCreateUpdateDeleteCustomerSuccess" time="27.946"/>
  <testcase classname="testcases.ProjectTest" name="verifyProjectOfCustomer" time="29.432"/>
  <testcase classname="testcases.TaskTest" name="verifyTask" time="17.692"/>
  <testcase classname="common.BaseTest" name="@BeforeSuite setupEnvironment" time="0.0">
    <ignored/>
  </testcase> <!-- @BeforeSuite setupEnvironment -->
  <testcase classname="common.BaseTest" name="@BeforeSuite setupEnvironment" time="0.0">
    <ignored/>
  </testcase> <!-- @BeforeSuite setupEnvironment -->
</testsuite> <!-- Customer Test with Chrome browser -->
