<?xml version="1.0" encoding="UTF-8"?>
<!-- Generated by org.testng.reporters.JUnitXMLReporter -->
<testsuite ignored="0" hostname="VNNOT01519" failures="0" tests="8" name="Demo Parallel Testing By Module Test 01" time="83.716" errors="0" timestamp="2025-06-18T17:18:05 GMT+07:00">
  <testcase classname="com.anhtester.Bai25_ParallelExecution.ChromeTest" name="ChromeTestMethod01" time="15.569"/>
  <testcase classname="com.anhtester.Bai25_ParallelExecution.ChromeTest" name="ChromeTestMethod02" time="9.798"/>
  <testcase classname="com.anhtester.Bai25_ParallelExecution.ChromeTest" name="ChromeTestMethod03" time="7.717"/>
  <testcase classname="com.anhtester.Bai25_ParallelExecution.ChromeTest" name="ChromeTestMethod04" time="9.808"/>
  <testcase classname="com.anhtester.Bai25_ParallelExecution.EdgeTest" name="EdgeTestMethod01" time="10.557"/>
  <testcase classname="com.anhtester.Bai25_ParallelExecution.EdgeTest" name="EdgeTestMethod02" time="9.673"/>
  <testcase classname="com.anhtester.Bai25_ParallelExecution.EdgeTest" name="EdgeTestMethod03" time="10.727"/>
  <testcase classname="com.anhtester.Bai25_ParallelExecution.EdgeTest" name="EdgeTestMethod04" time="9.757"/>
</testsuite> <!-- Demo Parallel Testing By Module Test 01 -->
