<?xml version="1.0" encoding="UTF-8"?>
<!-- Generated by org.testng.reporters.JUnitXMLReporter -->
<testsuite ignored="0" hostname="VNNOT01519" failures="0" tests="8" name="Demo Parallel Testing By Module Test 02" time="62.379" errors="0" timestamp="2025-06-18T17:19:07 GMT+07:00">
  <testcase classname="com.anhtester.Bai25_ParallelExecution.ChromeTest" name="ChromeTestMethod01" time="8.191"/>
  <testcase classname="com.anhtester.Bai25_ParallelExecution.ChromeTest" name="ChromeTestMethod02" time="7.931"/>
  <testcase classname="com.anhtester.Bai25_ParallelExecution.ChromeTest" name="ChromeTestMethod03" time="7.803"/>
  <testcase classname="com.anhtester.Bai25_ParallelExecution.ChromeTest" name="ChromeTestMethod04" time="6.69"/>
  <testcase classname="com.anhtester.Bai25_ParallelExecution.EdgeTest" name="EdgeTestMethod01" time="7.868"/>
  <testcase classname="com.anhtester.Bai25_ParallelExecution.EdgeTest" name="EdgeTestMethod02" time="7.505"/>
  <testcase classname="com.anhtester.Bai25_ParallelExecution.EdgeTest" name="EdgeTestMethod03" time="6.847"/>
  <testcase classname="com.anhtester.Bai25_ParallelExecution.EdgeTest" name="EdgeTestMethod04" time="9.515"/>
</testsuite> <!-- Demo Parallel Testing By Module Test 02 -->
